[debug] [2024-06-06T21:41:27.277Z] ----------------------------------------------------------------------
[debug] [2024-06-06T21:41:27.279Z] Command:       /opt/homebrew/Cellar/node/21.6.1/bin/node /opt/homebrew/bin/firebase deploy
[debug] [2024-06-06T21:41:27.280Z] CLI Version:   13.10.1
[debug] [2024-06-06T21:41:27.280Z] Platform:      darwin
[debug] [2024-06-06T21:41:27.280Z] Node Version:  v21.6.1
[debug] [2024-06-06T21:41:27.280Z] Time:          Thu Jun 06 2024 22:41:27 GMT+0100 (Western European Summer Time)
[debug] [2024-06-06T21:41:27.280Z] ----------------------------------------------------------------------
[debug] 
[debug] [2024-06-06T21:41:27.281Z] >>> [apiv2][query] GET https://firebase-public.firebaseio.com/cli.json [none]
[debug] [2024-06-06T21:41:27.325Z] > command requires scopes: ["email","openid","https://www.googleapis.com/auth/cloudplatformprojects.readonly","https://www.googleapis.com/auth/firebase","https://www.googleapis.com/auth/cloud-platform"]
[debug] [2024-06-06T21:41:27.325Z] > authorizing via signed-in user (grupohgi12@gmail.com)
[debug] [2024-06-06T21:41:27.326Z] [iam] checking project grupo-hgi for permissions ["firebase.projects.get","firebasehosting.sites.update"]
[debug] [2024-06-06T21:41:27.326Z] > refreshing access token with scopes: []
[debug] [2024-06-06T21:41:27.326Z] >>> [apiv2][query] POST https://www.googleapis.com/oauth2/v3/token [none]
[debug] [2024-06-06T21:41:27.326Z] >>> [apiv2][body] POST https://www.googleapis.com/oauth2/v3/token [omitted]
[debug] [2024-06-06T21:41:27.490Z] <<< [apiv2][status] POST https://www.googleapis.com/oauth2/v3/token 200
[debug] [2024-06-06T21:41:27.490Z] <<< [apiv2][body] POST https://www.googleapis.com/oauth2/v3/token [omitted]
[debug] [2024-06-06T21:41:27.498Z] >>> [apiv2][query] POST https://cloudresourcemanager.googleapis.com/v1/projects/grupo-hgi:testIamPermissions [none]
[debug] [2024-06-06T21:41:27.498Z] >>> [apiv2][(partial)header] POST https://cloudresourcemanager.googleapis.com/v1/projects/grupo-hgi:testIamPermissions x-goog-quota-user=projects/grupo-hgi
[debug] [2024-06-06T21:41:27.498Z] >>> [apiv2][body] POST https://cloudresourcemanager.googleapis.com/v1/projects/grupo-hgi:testIamPermissions {"permissions":["firebase.projects.get","firebasehosting.sites.update"]}
